# JRE version: Java(TM) SE Runtime Environment (21.0.1+12) (build 21.0.1+12-LTS-29)
# Java VM: Java HotSpot(TM) 64-Bit Server VM (21.0.1+12-LTS-29, mixed mode, emulated-client, sharing, tiered, compressed oops, compressed class ptrs, g1 gc, windows-amd64)
GC Precious Log:
 CardTable entry size: 512
 Card Set container configuration: InlinePtr #cards 4 size 8 Array Of Cards #cards 16 size 48 Howl #buckets 8 coarsen threshold 3686 Howl Bitmap #cards 512 size 80 coarsen threshold 460 Card regions per heap region 1 cards per card region 4096
 CPUs: 8 total, 8 available
 Memory: 16183M
 Large Page Support: Disabled
 NUMA Support: Disabled
 Compressed Oops: Enabled (Zero based)
 Heap Region Size: 2M
 Heap Min Capacity: 8M
 Heap Initial Capacity: 254M
 Heap Max Capacity: 4046M
 Pre-touch: Disabled
 Parallel Workers: 8
 Concurrent Workers: 2
 Concurrent Refinement Workers: 8
 Periodic GC: Disabled
Heap:
 garbage-first heap   total 204800K, used 66414K [0x0000000703200000, 0x0000000800000000)
  region size 2048K, 1 young (2048K), 1 survivors (2048K)
 Metaspace       used 85867K, committed 88192K, reserved 1179648K
  class space    used 10596K, committed 11712K, reserved 1048576K
GC Heap History (20 events):
Event: 16664.883 GC heap after
{Heap after GC invocations=341 (full 186):
 garbage-first heap   total 204800K, used 57181K [0x0000000703200000, 0x0000000800000000)
  region size 2048K, 0 young (0K), 0 survivors (0K)
 Metaspace       used 83747K, committed 86208K, reserved 1179648K
  class space    used 10325K, committed 11456K, reserved 1048576K
}
Event: 16665.487 GC heap before
{Heap before GC invocations=341 (full 186):
 garbage-first heap   total 204800K, used 135005K [0x0000000703200000, 0x0000000800000000)
  region size 2048K, 40 young (81920K), 0 survivors (0K)
 Metaspace       used 84241K, committed 86464K, reserved 1179648K
  class space    used 10399K, committed 11456K, reserved 1048576K
}
Event: 16665.550 GC heap after
{Heap after GC invocations=342 (full 187):
 garbage-first heap   total 204800K, used 61500K [0x0000000703200000, 0x0000000800000000)
  region size 2048K, 0 young (0K), 0 survivors (0K)
 Metaspace       used 84237K, committed 86464K, reserved 1179648K
  class space    used 10398K, committed 11456K, reserved 1048576K
}
Event: 16674.000 GC heap before
{Heap before GC invocations=342 (full 187):
 garbage-first heap   total 204800K, used 182332K [0x0000000703200000, 0x0000000800000000)
  region size 2048K, 60 young (122880K), 0 survivors (0K)
 Metaspace       used 84836K, committed 87104K, reserved 1179648K
  class space    used 10488K, committed 11584K, reserved 1048576K
}
Event: 16674.004 GC heap after
{Heap after GC invocations=343 (full 187):
 garbage-first heap   total 204800K, used 69058K [0x0000000703200000, 0x0000000800000000)
  region size 2048K, 4 young (8192K), 4 survivors (8192K)
 Metaspace       used 84836K, committed 87104K, reserved 1179648K
  class space    used 10488K, committed 11584K, reserved 1048576K
}
Event: 16723.660 GC heap before
{Heap before GC invocations=343 (full 187):
 garbage-first heap   total 204800K, used 181698K [0x0000000703200000, 0x0000000800000000)
  region size 2048K, 59 young (120832K), 4 survivors (8192K)
 Metaspace       used 84836K, committed 87104K, reserved 1179648K
  class space    used 10488K, committed 11584K, reserved 1048576K
}
Event: 16723.663 GC heap after
{Heap after GC invocations=344 (full 187):
 garbage-first heap   total 204800K, used 68844K [0x0000000703200000, 0x0000000800000000)
  region size 2048K, 4 young (8192K), 4 survivors (8192K)
 Metaspace       used 84836K, committed 87104K, reserved 1179648K
  class space    used 10488K, committed 11584K, reserved 1048576K
}
Event: 16723.675 GC heap before
{Heap before GC invocations=344 (full 187):
 garbage-first heap   total 204800K, used 70892K [0x0000000703200000, 0x0000000800000000)
  region size 2048K, 6 young (12288K), 4 survivors (8192K)
 Metaspace       used 84839K, committed 87104K, reserved 1179648K
  class space    used 10489K, committed 11584K, reserved 1048576K
}
Event: 16723.725 GC heap after
{Heap after GC invocations=345 (full 188):
 garbage-first heap   total 204800K, used 60780K [0x0000000703200000, 0x0000000800000000)
  region size 2048K, 0 young (0K), 0 survivors (0K)
 Metaspace       used 84735K, committed 87104K, reserved 1179648K
  class space    used 10464K, committed 11584K, reserved 1048576K
}
Event: 16723.726 GC heap before
{Heap before GC invocations=345 (full 188):
 garbage-first heap   total 204800K, used 60780K [0x0000000703200000, 0x0000000800000000)
  region size 2048K, 1 young (2048K), 0 survivors (0K)
 Metaspace       used 84735K, committed 87104K, reserved 1179648K
  class space    used 10464K, committed 11584K, reserved 1048576K
}
Event: 16723.776 GC heap after
{Heap after GC invocations=346 (full 189):
 garbage-first heap   total 204800K, used 60780K [0x0000000703200000, 0x0000000800000000)
  region size 2048K, 0 young (0K), 0 survivors (0K)
 Metaspace       used 84735K, committed 87104K, reserved 1179648K
  class space    used 10464K, committed 11584K, reserved 1048576K
}
Event: 16724.152 GC heap before
{Heap before GC invocations=346 (full 189):
 garbage-first heap   total 204800K, used 134508K [0x0000000703200000, 0x0000000800000000)
  region size 2048K, 37 young (75776K), 0 survivors (0K)
 Metaspace       used 85121K, committed 87360K, reserved 1179648K
  class space    used 10514K, committed 11584K, reserved 1048576K
}
Event: 16724.217 GC heap after
{Heap after GC invocations=347 (full 190):
 garbage-first heap   total 204800K, used 64374K [0x0000000703200000, 0x0000000800000000)
  region size 2048K, 0 young (0K), 0 survivors (0K)
 Metaspace       used 85121K, committed 87360K, reserved 1179648K
  class space    used 10514K, committed 11584K, reserved 1048576K
}
Event: 16748.533 GC heap before
{Heap before GC invocations=347 (full 190):
 garbage-first heap   total 204800K, used 185206K [0x0000000703200000, 0x0000000800000000)
  region size 2048K, 60 young (122880K), 0 survivors (0K)
 Metaspace       used 85445K, committed 87744K, reserved 1179648K
  class space    used 10552K, committed 11648K, reserved 1048576K
}
Event: 16748.536 GC heap after
{Heap after GC invocations=348 (full 190):
 garbage-first heap   total 204800K, used 70097K [0x0000000703200000, 0x0000000800000000)
  region size 2048K, 3 young (6144K), 3 survivors (6144K)
 Metaspace       used 85445K, committed 87744K, reserved 1179648K
  class space    used 10552K, committed 11648K, reserved 1048576K
}
Event: 16748.551 GC heap before
{Heap before GC invocations=348 (full 190):
 garbage-first heap   total 204800K, used 76241K [0x0000000703200000, 0x0000000800000000)
  region size 2048K, 7 young (14336K), 3 survivors (6144K)
 Metaspace       used 85496K, committed 87744K, reserved 1179648K
  class space    used 10556K, committed 11648K, reserved 1048576K
}
Event: 16748.600 GC heap after
{Heap after GC invocations=349 (full 191):
 garbage-first heap   total 204800K, used 65058K [0x0000000703200000, 0x0000000800000000)
  region size 2048K, 0 young (0K), 0 survivors (0K)
 Metaspace       used 85493K, committed 87744K, reserved 1179648K
  class space    used 10556K, committed 11648K, reserved 1048576K
}
Event: 16753.451 GC heap before
{Heap before GC invocations=349 (full 191):
 garbage-first heap   total 204800K, used 149026K [0x0000000703200000, 0x0000000800000000)
  region size 2048K, 43 young (88064K), 0 survivors (0K)
 Metaspace       used 85869K, committed 88192K, reserved 1179648K
  class space    used 10596K, committed 11712K, reserved 1048576K
}
Event: 16753.504 GC heap after
{Heap after GC invocations=350 (full 192):
 garbage-first heap   total 204800K, used 65325K [0x0000000703200000, 0x0000000800000000)
  region size 2048K, 0 young (0K), 0 survivors (0K)
 Metaspace       used 85867K, committed 88192K, reserved 1179648K
  class space    used 10596K, committed 11712K, reserved 1048576K
}
Event: 16802.793 GC heap before
{Heap before GC invocations=350 (full 192):
 garbage-first heap   total 204800K, used 188205K [0x0000000703200000, 0x0000000800000000)
  region size 2048K, 60 young (122880K), 0 survivors (0K)
 Metaspace       used 85867K, committed 88192K, reserved 1179648K
  class space    used 10596K, committed 11712K, reserved 1048576K
}

